15:00:47 2016-11-10 INFO: log folder delete: 0
15:00:47 2016-11-10 INFO: **************ThenTools first run*********************
15:00:47 2016-11-10 INFO: connect to DB
15:00:47 2016-11-10 WARNING: read initflag=yes
15:00:47 2016-11-10 INFO: Get Language=CN
15:00:47 2016-11-10 INFO: NowVer=UpdateV120160612
15:00:47 2016-11-10 INFO: FTPVer=UpdateV120160612
15:00:47 2016-11-10 INFO: get new version by FTP UpdateV120160612
15:00:47 2016-11-10 INFO: no new version
15:00:47 2016-11-10 INFO: No need to update by FTP
15:00:47 2016-11-10 INFO: mAndroidDebugBridge success
15:00:47 2016-11-10 INFO: adb version is  1.0.32
15:00:47 2016-11-10 INFO: 7z version is 15.14
15:00:48 2016-11-10 INFO: current directory: E:\ADTworkspace\ThenTools/extraBin
15:00:48 2016-11-10 INFO: plug in devices ID=ZXQ123123
15:00:48 2016-11-10 INFO: Item Update
15:00:48 2016-11-10 INFO: update devices ID=ZXQ123123
15:07:12 2016-11-10 INFO: close ThenTools
15:07:12 2016-11-10 INFO: try to adb terminate
15:07:12 2016-11-10 INFO: adb terminate ok
15:07:13 2016-11-10 WARNING: java.sql.SQLNonTransientConnectionException: 数据库“E:\ADTworkspace\ThenTools/data/DB”已关闭。
15:07:13 2016-11-10 INFO: close DB
