10:04:41 2016-07-18 INFO: log folder delete: 41
10:04:41 2016-07-18 INFO: **************ThenTools first run*********************
10:04:42 2016-07-18 INFO: connect to DB
10:04:42 2016-07-18 WARNING: read initflag=yes
10:04:42 2016-07-18 INFO: Get Language=CN
10:04:42 2016-07-18 WARNING: java.sql.SQLSyntaxErrorException: “THENTOOLSVER”不是表或 VTI“APP.VERSIONINFO”中的列。
10:04:42 2016-07-18 INFO: execute failed: UPDATE VersionInfo SET ThenToolsver='V220160718' WHERE ID='1'
10:04:42 2016-07-18 INFO: NowVer=V20160612
10:04:42 2016-07-18 INFO: FTPVer=UpdateV20160612
10:04:42 2016-07-18 INFO: get new version by FTP UpdateV20160612
10:04:42 2016-07-18 INFO: copy file /Start.exe failed!!!
10:04:42 2016-07-18 INFO: update file /Start.exe failed!!!
10:04:42 2016-07-18 INFO: mAndroidDebugBridge success
10:04:42 2016-07-18 INFO: adb version is  1.0.32
10:04:42 2016-07-18 INFO: 7z version is 15.14
10:04:42 2016-07-18 INFO: current directory: E:\ADTworkspace\ThenTools/extraBin
10:04:43 2016-07-18 INFO: plug in devices ID=cd10d618
10:04:43 2016-07-18 INFO: Item Update
10:04:43 2016-07-18 INFO: update devices ID=cd10d618
10:04:48 2016-07-18 INFO: exit with update error
10:04:51 2016-07-18 INFO:  ID: A37DC613374376B5A5947E41B264FF8E
10:04:51 2016-07-18 INFO: tap lisence button
10:04:52 2016-07-18 INFO: close AboutLisenceUI
10:04:54 2016-07-18 INFO: tap About button
10:05:26 2016-07-18 INFO: close ThenTools
10:05:26 2016-07-18 INFO: try to adb terminate
10:05:26 2016-07-18 INFO: adb terminate ok
10:05:26 2016-07-18 WARNING: java.sql.SQLNonTransientConnectionException: 数据库“E:\ADTworkspace\ThenTools/data/DB”已关闭。
10:05:26 2016-07-18 INFO: close DB
